<?xml version="1.0" encoding="UTF-8"?>
<testsuites name="Launch website" time="45.496" tests="1" failures="0" errors="0">
   <testsuite name="Launch website" tests="1" failures="0" errors="0" time="45.496" skipped="0" timestamp="07-03-2025T23:23:50" hostname="asd - Ramachandra" id="Test Suites/Launch website">
      <properties>
         <property name="deviceName" value=""/>
         <property name="devicePlatform"/>
         <property name="logFolder" value="C:\\Users\\asd\\git\\KatalonStudioExpertCertification\\Reports\\20250307_232216\\Launch website\\20250307_232216"/>
         <property name="logFiles" value="C:\\Users\\asd\\git\\KatalonStudioExpertCertification\\Reports\\20250307_232216\\Launch website\\20250307_232216\\execution0.log"/>
         <property name="attachments" value=""/>
         <property name="hostName" value="asd - Ramachandra"/>
         <property name="os" value="Windows 10 64bit"/>
         <property name="katalonVersion" value="10.1.0.223"/>
         <property name="browser" value="Chrome 122.0.6261.112"/>
         <property name="hostAddress" value="192.168.0.179"/>
         <property name="sessionId" value="4c323a54b1ad639e90e6ab45d4e78862"/>
         <property name="seleniumVersion" value="4.22.0"/>
         <property name="proxyInformation" value="ProxyInformation { proxyOption=NO_PROXY, proxyServerType=HTTP, username=, password=********, proxyServerAddress=, proxyServerPort=0, executionList=&quot;&quot;, isApplyToDesiredCapabilities=true }"/>
         <property name="platform" value="Windows 10"/>
      </properties>
      <testcase name="Test Cases/Open website" time="44.072" classname="Test Cases/Open website" status="PASSED">
         <system-out><![CDATA[07-03-2025T23:23:51 - [TEST_CASE][PASSED] - Test Cases/Open website: Test Cases/Open website

07-03-2025T23:23:52 - [TEST_STEP][PASSED] - openBrowser("https://www.automationexercise.com"): Browser is opened with url: 'https://www.automationexercise.com'

07-03-2025T23:23:54 - [MESSAGE][INFO] - Starting 'Chrome' driver

07-03-2025T23:23:54 - [MESSAGE][INFO] - Action delay is set to 0 milliseconds

07-03-2025T23:24:35 - [MESSAGE][PASSED] - Browser is opened with url: 'https://www.automationexercise.com']]></system-out>
         <system-err><![CDATA[]]></system-err>
      </testcase>
      <system-out><![CDATA[07-03-2025T23:23:50 - [TEST_SUITE][PASSED] - Launch website: Test Cases/Open website]]></system-out>
      <system-err><![CDATA[]]></system-err>
   </testsuite>
</testsuites>
